
*** Running vivado
    with args -log top_game.vds -m64 -product Vivado -mode batch -messageDb vivado.pb -notrace -source top_game.tcl



****** Vivado v2022.2 (64-bit)
  **** SW Build 3671981 on Fri Oct 14 05:00:03 MDT 2022
  **** IP Build 3669848 on Fri Oct 14 08:30:02 MDT 2022
    ** Copyright 1986-2022 Xilinx, Inc. All Rights Reserved.

source top_game.tcl -notrace
create_project: Time (s): cpu = 00:00:13 ; elapsed = 00:00:15 . Memory (MB): peak = 382.434 ; gain = 43.871
Command: read_checkpoint -auto_incremental -incremental C:/Users/HP/Downloads/SpaceInvaders_Final/SpaceInvaders_Final.srcs/utils_1/imports/synth_1/top_game.dcp
INFO: [Vivado 12-5825] Read reference checkpoint from C:/Users/HP/Downloads/SpaceInvaders_Final/SpaceInvaders_Final.srcs/utils_1/imports/synth_1/top_game.dcp for incremental synthesis
INFO: [Vivado 12-7989] Please ensure there are no constraint changes
Command: synth_design -top top_game -part xc7a35tcpg236-1
Starting synth_design
Attempting to get a license for feature 'Synthesis' and/or device 'xc7a35t'
INFO: [Common 17-349] Got license for feature 'Synthesis' and/or device 'xc7a35t'
INFO: [Device 21-403] Loading part xc7a35tcpg236-1
INFO: [Designutils 20-5440] No compile time benefit to using incremental synthesis; A full resynthesis will be run
INFO: [Designutils 20-4379] Flow is switching to default flow due to incremental criteria not met. If you would like to alter this behaviour and have the flow terminate instead, please set the following parameter config_implementation {autoIncr.Synth.RejectBehavior Terminate}
INFO: [Synth 8-7079] Multithreading enabled for synth_design using a maximum of 2 processes.
INFO: [Synth 8-7078] Launching helper process for spawning children vivado processes
INFO: [Synth 8-7075] Helper process launched with PID 11984
INFO: [Synth 8-11241] undeclared symbol 'REGCCE', assumed default net type 'wire' [C:/Xilinx/Vivado/2022.2/.xinstall/Vivado/2022.2/data/verilog/src/unimacro/BRAM_SINGLE_MACRO.v:2170]
---------------------------------------------------------------------------------
Starting RTL Elaboration : Time (s): cpu = 00:00:14 ; elapsed = 00:00:16 . Memory (MB): peak = 1203.266 ; gain = 408.219
---------------------------------------------------------------------------------
INFO: [Synth 8-6157] synthesizing module 'top_game' [C:/Users/HP/Downloads/SpaceInvaders_Final/SpaceInvaders_Final.srcs/sources_1/imports/new/top_game.v:3]
INFO: [Synth 8-6157] synthesizing module 'clk_wiz_0' [C:/Users/HP/Downloads/SpaceInvaders_Final/SpaceInvaders_Final.runs/synth_1/.Xil/Vivado-4196-DESKTOP-2P0AVML/realtime/clk_wiz_0_stub.v:5]
INFO: [Synth 8-6155] done synthesizing module 'clk_wiz_0' (0#1) [C:/Users/HP/Downloads/SpaceInvaders_Final/SpaceInvaders_Final.runs/synth_1/.Xil/Vivado-4196-DESKTOP-2P0AVML/realtime/clk_wiz_0_stub.v:5]
INFO: [Synth 8-6157] synthesizing module 'vga_sync' [C:/Users/HP/Downloads/SpaceInvaders_Final/SpaceInvaders_Final.srcs/sources_1/imports/new/vga_sync.v:3]
INFO: [Synth 8-6155] done synthesizing module 'vga_sync' (0#1) [C:/Users/HP/Downloads/SpaceInvaders_Final/SpaceInvaders_Final.srcs/sources_1/imports/new/vga_sync.v:3]
INFO: [Synth 8-6157] synthesizing module 'ship_logic' [C:/Users/HP/Downloads/SpaceInvaders_Final/SpaceInvaders_Final.srcs/sources_1/imports/new/ship_logic.v:3]
INFO: [Synth 8-6155] done synthesizing module 'ship_logic' (0#1) [C:/Users/HP/Downloads/SpaceInvaders_Final/SpaceInvaders_Final.srcs/sources_1/imports/new/ship_logic.v:3]
INFO: [Synth 8-6157] synthesizing module 'extrater_grid' [C:/Users/HP/Downloads/SpaceInvaders_Final/SpaceInvaders_Final.srcs/sources_1/imports/new/extrater_grid.v:3]
INFO: [Synth 8-6155] done synthesizing module 'extrater_grid' (0#1) [C:/Users/HP/Downloads/SpaceInvaders_Final/SpaceInvaders_Final.srcs/sources_1/imports/new/extrater_grid.v:3]
INFO: [Synth 8-6157] synthesizing module 'bullet_logic' [C:/Users/HP/Downloads/SpaceInvaders_Final/SpaceInvaders_Final.srcs/sources_1/imports/new/bullet_logic.v:3]
INFO: [Synth 8-6155] done synthesizing module 'bullet_logic' (0#1) [C:/Users/HP/Downloads/SpaceInvaders_Final/SpaceInvaders_Final.srcs/sources_1/imports/new/bullet_logic.v:3]
INFO: [Synth 8-6157] synthesizing module 'alien_bullet_logic' [C:/Users/HP/Downloads/SpaceInvaders_Final/SpaceInvaders_Final.srcs/sources_1/new/alien_bullet_logic.v:3]
INFO: [Synth 8-6155] done synthesizing module 'alien_bullet_logic' (0#1) [C:/Users/HP/Downloads/SpaceInvaders_Final/SpaceInvaders_Final.srcs/sources_1/new/alien_bullet_logic.v:3]
INFO: [Synth 8-6157] synthesizing module 'digit_7seg' [C:/Users/HP/Downloads/SpaceInvaders_Final/SpaceInvaders_Final.srcs/sources_1/new/digit_7seg.v:3]
INFO: [Synth 8-6155] done synthesizing module 'digit_7seg' (0#1) [C:/Users/HP/Downloads/SpaceInvaders_Final/SpaceInvaders_Final.srcs/sources_1/new/digit_7seg.v:3]
WARNING: [Synth 8-689] width (32) of port connection 'digit' does not match port width (4) of module 'digit_7seg' [C:/Users/HP/Downloads/SpaceInvaders_Final/SpaceInvaders_Final.srcs/sources_1/imports/new/top_game.v:154]
INFO: [Synth 8-6157] synthesizing module 'game_text' [C:/Users/HP/Downloads/SpaceInvaders_Final/SpaceInvaders_Final.srcs/sources_1/new/game_text.v:3]
INFO: [Synth 8-6155] done synthesizing module 'game_text' (0#1) [C:/Users/HP/Downloads/SpaceInvaders_Final/SpaceInvaders_Final.srcs/sources_1/new/game_text.v:3]
INFO: [Synth 8-6155] done synthesizing module 'top_game' (0#1) [C:/Users/HP/Downloads/SpaceInvaders_Final/SpaceInvaders_Final.srcs/sources_1/imports/new/top_game.v:3]
WARNING: [Synth 8-6014] Unused sequential element alien_x_reg was removed.  [C:/Users/HP/Downloads/SpaceInvaders_Final/SpaceInvaders_Final.srcs/sources_1/imports/new/extrater_grid.v:130]
WARNING: [Synth 8-6014] Unused sequential element alien_y_reg was removed.  [C:/Users/HP/Downloads/SpaceInvaders_Final/SpaceInvaders_Final.srcs/sources_1/imports/new/extrater_grid.v:131]
---------------------------------------------------------------------------------
Finished RTL Elaboration : Time (s): cpu = 00:00:22 ; elapsed = 00:00:24 . Memory (MB): peak = 1319.215 ; gain = 524.168
---------------------------------------------------------------------------------
---------------------------------------------------------------------------------
Start Handling Custom Attributes
---------------------------------------------------------------------------------
---------------------------------------------------------------------------------
Finished Handling Custom Attributes : Time (s): cpu = 00:00:23 ; elapsed = 00:00:25 . Memory (MB): peak = 1319.215 ; gain = 524.168
---------------------------------------------------------------------------------
---------------------------------------------------------------------------------
Finished RTL Optimization Phase 1 : Time (s): cpu = 00:00:23 ; elapsed = 00:00:25 . Memory (MB): peak = 1319.215 ; gain = 524.168
---------------------------------------------------------------------------------
Netlist sorting complete. Time (s): cpu = 00:00:00 ; elapsed = 00:00:00.097 . Memory (MB): peak = 1319.215 ; gain = 0.000
INFO: [Project 1-570] Preparing netlist for logic optimization

Processing XDC Constraints
Initializing timing engine
Parsing XDC File [c:/Users/HP/Downloads/SpaceInvaders_Final/SpaceInvaders_Final.gen/sources_1/ip/clk_wiz_0/clk_wiz_0/clk_wiz_0_in_context.xdc] for cell 'instance_clk'
Finished Parsing XDC File [c:/Users/HP/Downloads/SpaceInvaders_Final/SpaceInvaders_Final.gen/sources_1/ip/clk_wiz_0/clk_wiz_0/clk_wiz_0_in_context.xdc] for cell 'instance_clk'
Parsing XDC File [C:/Users/HP/Downloads/SpaceInvaders_Final/SpaceInvaders_Final.srcs/constrs_1/new/const_Basys3.xdc]
CRITICAL WARNING: [Constraints 18-1056] Clock 'sys_clk_pin' completely overrides clock 'clk'.
New: create_clock -period 10.000 -name sys_clk_pin -waveform {0.000 5.000} [get_ports clk], [C:/Users/HP/Downloads/SpaceInvaders_Final/SpaceInvaders_Final.srcs/constrs_1/new/const_Basys3.xdc:4]
Previous: create_clock -period 10.000 [get_ports clk], [c:/Users/HP/Downloads/SpaceInvaders_Final/SpaceInvaders_Final.gen/sources_1/ip/clk_wiz_0/clk_wiz_0/clk_wiz_0_in_context.xdc:1]
Resolution: Review the constraint files and remove the redundant clock definition(s). If the clock constraints are not saved in a file, you can first save the constraints to an XDC file and reload the design once the constraints have been corrected.
Finished Parsing XDC File [C:/Users/HP/Downloads/SpaceInvaders_Final/SpaceInvaders_Final.srcs/constrs_1/new/const_Basys3.xdc]
INFO: [Project 1-236] Implementation specific constraints were found while reading constraint file [C:/Users/HP/Downloads/SpaceInvaders_Final/SpaceInvaders_Final.srcs/constrs_1/new/const_Basys3.xdc]. These constraints will be ignored for synthesis but will be used in implementation. Impacted constraints are listed in the file [.Xil/top_game_propImpl.xdc].
Resolution: To avoid this warning, move constraints listed in [.Xil/top_game_propImpl.xdc] to another XDC file and exclude this new file from synthesis with the used_in_synthesis property (File Properties dialog in GUI) and re-run elaboration/synthesis.
Completed Processing XDC Constraints

Netlist sorting complete. Time (s): cpu = 00:00:00 ; elapsed = 00:00:00.005 . Memory (MB): peak = 1429.578 ; gain = 0.000
INFO: [Project 1-111] Unisim Transformation Summary:
No Unisim elements were transformed.

Constraint Validation Runtime : Time (s): cpu = 00:00:01 ; elapsed = 00:00:00.031 . Memory (MB): peak = 1429.578 ; gain = 0.000
INFO: [Designutils 20-5440] No compile time benefit to using incremental synthesis; A full resynthesis will be run
INFO: [Designutils 20-4379] Flow is switching to default flow due to incremental criteria not met. If you would like to alter this behaviour and have the flow terminate instead, please set the following parameter config_implementation {autoIncr.Synth.RejectBehavior Terminate}
INFO: [Synth 8-11241] undeclared symbol 'REGCCE', assumed default net type 'wire' [C:/Xilinx/Vivado/2022.2/.xinstall/Vivado/2022.2/data/verilog/src/unimacro/BRAM_SINGLE_MACRO.v:2170]
---------------------------------------------------------------------------------
Finished Constraint Validation : Time (s): cpu = 00:00:49 ; elapsed = 00:00:52 . Memory (MB): peak = 1429.578 ; gain = 634.531
---------------------------------------------------------------------------------
---------------------------------------------------------------------------------
Start Loading Part and Timing Information
---------------------------------------------------------------------------------
Loading part: xc7a35tcpg236-1
---------------------------------------------------------------------------------
Finished Loading Part and Timing Information : Time (s): cpu = 00:00:49 ; elapsed = 00:00:52 . Memory (MB): peak = 1429.578 ; gain = 634.531
---------------------------------------------------------------------------------
---------------------------------------------------------------------------------
Start Applying 'set_property' XDC Constraints
---------------------------------------------------------------------------------
Applied set_property IO_BUFFER_TYPE = NONE for clk. (constraint file  c:/Users/HP/Downloads/SpaceInvaders_Final/SpaceInvaders_Final.gen/sources_1/ip/clk_wiz_0/clk_wiz_0/clk_wiz_0_in_context.xdc, line 3).
Applied set_property CLOCK_BUFFER_TYPE = NONE for clk. (constraint file  c:/Users/HP/Downloads/SpaceInvaders_Final/SpaceInvaders_Final.gen/sources_1/ip/clk_wiz_0/clk_wiz_0/clk_wiz_0_in_context.xdc, line 4).
Applied set_property KEEP_HIERARCHY = SOFT for instance_clk. (constraint file  auto generated constraint).
---------------------------------------------------------------------------------
Finished applying 'set_property' XDC Constraints : Time (s): cpu = 00:00:49 ; elapsed = 00:00:53 . Memory (MB): peak = 1429.578 ; gain = 634.531
---------------------------------------------------------------------------------
INFO: [Synth 8-802] inferred FSM for state register 'state_reg' in module 'top_game'
---------------------------------------------------------------------------------------------------
                   State |                     New Encoding |                Previous Encoding 
---------------------------------------------------------------------------------------------------
                    INIT |                              001 |                               00
                    PLAY |                              100 |                               01
               GAME_OVER |                              010 |                               10
---------------------------------------------------------------------------------------------------
INFO: [Synth 8-3354] encoded FSM with state register 'state_reg' using encoding 'one-hot' in module 'top_game'
---------------------------------------------------------------------------------
Finished RTL Optimization Phase 2 : Time (s): cpu = 00:00:53 ; elapsed = 00:01:00 . Memory (MB): peak = 1429.578 ; gain = 634.531
---------------------------------------------------------------------------------
---------------------------------------------------------------------------------
Start RTL Component Statistics 
---------------------------------------------------------------------------------
Detailed RTL Component Info : 
+---Adders : 
	   2 Input   32 Bit       Adders := 19    
	   2 Input   13 Bit       Adders := 3     
	   2 Input   12 Bit       Adders := 5     
	   3 Input   12 Bit       Adders := 9     
	   3 Input   11 Bit       Adders := 8     
	   2 Input   11 Bit       Adders := 23    
	   2 Input   10 Bit       Adders := 37    
	   2 Input    8 Bit       Adders := 1     
	   3 Input    5 Bit       Adders := 12    
	   2 Input    5 Bit       Adders := 1     
	   2 Input    4 Bit       Adders := 2     
+---XORs : 
	   2 Input      5 Bit         XORs := 1     
+---Registers : 
	               11 Bit    Registers := 1     
	               10 Bit    Registers := 8     
	                8 Bit    Registers := 1     
	                4 Bit    Registers := 2     
	                1 Bit    Registers := 41    
+---Muxes : 
	   2 Input   10 Bit        Muxes := 7     
	   5 Input   10 Bit        Muxes := 1     
	  33 Input   10 Bit        Muxes := 2     
	   4 Input   10 Bit        Muxes := 1     
	   3 Input    9 Bit        Muxes := 1     
	   2 Input    4 Bit        Muxes := 2     
	   6 Input    4 Bit        Muxes := 1     
	   8 Input    4 Bit        Muxes := 1     
	   5 Input    4 Bit        Muxes := 1     
	   2 Input    1 Bit        Muxes := 248   
	  32 Input    1 Bit        Muxes := 1     
	   7 Input    1 Bit        Muxes := 3     
	   3 Input    1 Bit        Muxes := 6     
---------------------------------------------------------------------------------
Finished RTL Component Statistics 
---------------------------------------------------------------------------------
---------------------------------------------------------------------------------
Start Part Resource Summary
---------------------------------------------------------------------------------
Part Resources:
DSPs: 90 (col length:60)
BRAMs: 100 (col length: RAMB18 60 RAMB36 30)
---------------------------------------------------------------------------------
Finished Part Resource Summary
---------------------------------------------------------------------------------
---------------------------------------------------------------------------------
Start Cross Boundary and Area Optimization
---------------------------------------------------------------------------------
WARNING: [Synth 8-7080] Parallel synthesis criteria is not met
---------------------------------------------------------------------------------
Finished Cross Boundary and Area Optimization : Time (s): cpu = 00:01:53 ; elapsed = 00:02:07 . Memory (MB): peak = 1429.578 ; gain = 634.531
---------------------------------------------------------------------------------
---------------------------------------------------------------------------------
Start Applying XDC Timing Constraints
---------------------------------------------------------------------------------
---------------------------------------------------------------------------------
Finished Applying XDC Timing Constraints : Time (s): cpu = 00:02:11 ; elapsed = 00:02:28 . Memory (MB): peak = 1429.578 ; gain = 634.531
---------------------------------------------------------------------------------
---------------------------------------------------------------------------------
Start Timing Optimization
---------------------------------------------------------------------------------
---------------------------------------------------------------------------------
Finished Timing Optimization : Time (s): cpu = 00:02:57 ; elapsed = 00:03:18 . Memory (MB): peak = 1489.879 ; gain = 694.832
---------------------------------------------------------------------------------
---------------------------------------------------------------------------------
Start Technology Mapping
---------------------------------------------------------------------------------
---------------------------------------------------------------------------------
Finished Technology Mapping : Time (s): cpu = 00:02:59 ; elapsed = 00:03:20 . Memory (MB): peak = 1489.879 ; gain = 694.832
---------------------------------------------------------------------------------
---------------------------------------------------------------------------------
Start IO Insertion
---------------------------------------------------------------------------------
---------------------------------------------------------------------------------
Start Flattening Before IO Insertion
---------------------------------------------------------------------------------
---------------------------------------------------------------------------------
Finished Flattening Before IO Insertion
---------------------------------------------------------------------------------
---------------------------------------------------------------------------------
Start Final Netlist Cleanup
---------------------------------------------------------------------------------
---------------------------------------------------------------------------------
Finished Final Netlist Cleanup
---------------------------------------------------------------------------------
---------------------------------------------------------------------------------
Finished IO Insertion : Time (s): cpu = 00:03:13 ; elapsed = 00:03:34 . Memory (MB): peak = 1489.879 ; gain = 694.832
---------------------------------------------------------------------------------
---------------------------------------------------------------------------------
Start Renaming Generated Instances
---------------------------------------------------------------------------------
---------------------------------------------------------------------------------
Finished Renaming Generated Instances : Time (s): cpu = 00:03:13 ; elapsed = 00:03:34 . Memory (MB): peak = 1489.879 ; gain = 694.832
---------------------------------------------------------------------------------
---------------------------------------------------------------------------------
Start Rebuilding User Hierarchy
---------------------------------------------------------------------------------
---------------------------------------------------------------------------------
Finished Rebuilding User Hierarchy : Time (s): cpu = 00:03:14 ; elapsed = 00:03:35 . Memory (MB): peak = 1489.879 ; gain = 694.832
---------------------------------------------------------------------------------
---------------------------------------------------------------------------------
Start Renaming Generated Ports
---------------------------------------------------------------------------------
---------------------------------------------------------------------------------
Finished Renaming Generated Ports : Time (s): cpu = 00:03:14 ; elapsed = 00:03:36 . Memory (MB): peak = 1489.879 ; gain = 694.832
---------------------------------------------------------------------------------
---------------------------------------------------------------------------------
Start Handling Custom Attributes
---------------------------------------------------------------------------------
---------------------------------------------------------------------------------
Finished Handling Custom Attributes : Time (s): cpu = 00:03:14 ; elapsed = 00:03:36 . Memory (MB): peak = 1489.879 ; gain = 694.832
---------------------------------------------------------------------------------
---------------------------------------------------------------------------------
Start Renaming Generated Nets
---------------------------------------------------------------------------------
---------------------------------------------------------------------------------
Finished Renaming Generated Nets : Time (s): cpu = 00:03:14 ; elapsed = 00:03:36 . Memory (MB): peak = 1489.879 ; gain = 694.832
---------------------------------------------------------------------------------
---------------------------------------------------------------------------------
Start Writing Synthesis Report
---------------------------------------------------------------------------------

Report BlackBoxes: 
+------+--------------+----------+
|      |BlackBox name |Instances |
+------+--------------+----------+
|1     |clk_wiz_0     |         1|
+------+--------------+----------+

Report Cell Usage: 
+------+--------+------+
|      |Cell    |Count |
+------+--------+------+
|1     |clk_wiz |     1|
|2     |CARRY4  |   343|
|3     |LUT1    |   104|
|4     |LUT2    |   464|
|5     |LUT3    |   184|
|6     |LUT4    |   481|
|7     |LUT5    |   380|
|8     |LUT6    |   950|
|9     |MUXF7   |     4|
|10    |FDRE    |   217|
|11    |FDSE    |    35|
|12    |IBUF    |     3|
|13    |OBUF    |    14|
+------+--------+------+
---------------------------------------------------------------------------------
Finished Writing Synthesis Report : Time (s): cpu = 00:03:14 ; elapsed = 00:03:36 . Memory (MB): peak = 1489.879 ; gain = 694.832
---------------------------------------------------------------------------------
Synthesis finished with 0 errors, 0 critical warnings and 1 warnings.
Synthesis Optimization Runtime : Time (s): cpu = 00:02:44 ; elapsed = 00:03:28 . Memory (MB): peak = 1489.879 ; gain = 584.469
Synthesis Optimization Complete : Time (s): cpu = 00:03:14 ; elapsed = 00:03:36 . Memory (MB): peak = 1489.879 ; gain = 694.832
INFO: [Project 1-571] Translating synthesized netlist
Netlist sorting complete. Time (s): cpu = 00:00:00 ; elapsed = 00:00:00.161 . Memory (MB): peak = 1489.879 ; gain = 0.000
INFO: [Netlist 29-17] Analyzing 347 Unisim elements for replacement
INFO: [Netlist 29-28] Unisim Transformation completed in 0 CPU seconds
INFO: [Project 1-570] Preparing netlist for logic optimization
INFO: [Opt 31-138] Pushed 0 inverter(s) to 0 load pin(s).
Netlist sorting complete. Time (s): cpu = 00:00:00 ; elapsed = 00:00:00.001 . Memory (MB): peak = 1489.879 ; gain = 0.000
INFO: [Project 1-111] Unisim Transformation Summary:
No Unisim elements were transformed.

Synth Design complete, checksum: a492485c
INFO: [Common 17-83] Releasing license: Synthesis
43 Infos, 4 Warnings, 1 Critical Warnings and 0 Errors encountered.
synth_design completed successfully
synth_design: Time (s): cpu = 00:03:30 ; elapsed = 00:03:56 . Memory (MB): peak = 1489.879 ; gain = 1074.520
INFO: [runtcl-6] Synthesis results are not added to the cache due to CRITICAL_WARNING
INFO: [Common 17-1381] The checkpoint 'C:/Users/HP/Downloads/SpaceInvaders_Final/SpaceInvaders_Final.runs/synth_1/top_game.dcp' has been generated.
INFO: [runtcl-4] Executing : report_utilization -file top_game_utilization_synth.rpt -pb top_game_utilization_synth.pb
INFO: [Common 17-206] Exiting Vivado at Thu Apr  2 13:50:47 2026...
